{"D:\\Downloads\\DGTU\\DB\\Concert\\utils.js": {"path":"D:\\Downloads\\DGTU\\DB\\Concert\\utils.js","statementMap":{"0":{"start":{"line":3,"column":8},"end":{"line":3,"column":33}},"1":{"start":{"line":3,"column":20},"end":{"line":3,"column":33}},"2":{"start":{"line":4,"column":27},"end":{"line":4,"column":58}},"3":{"start":{"line":5,"column":8},"end":{"line":5,"column":38}},"4":{"start":{"line":9,"column":8},"end":{"line":9,"column":36}},"5":{"start":{"line":9,"column":23},"end":{"line":9,"column":36}},"6":{"start":{"line":10,"column":8},"end":{"line":10,"column":36}},"7":{"start":{"line":14,"column":8},"end":{"line":14,"column":32}},"8":{"start":{"line":14,"column":20},"end":{"line":14,"column":32}},"9":{"start":{"line":15,"column":27},"end":{"line":15,"column":52}},"10":{"start":{"line":16,"column":8},"end":{"line":16,"column":38}},"11":{"start":{"line":20,"column":8},"end":{"line":20,"column":49}},"12":{"start":{"line":20,"column":36},"end":{"line":20,"column":49}},"13":{"start":{"line":21,"column":22},"end":{"line":21,"column":41}},"14":{"start":{"line":22,"column":20},"end":{"line":22,"column":37}},"15":{"start":{"line":23,"column":8},"end":{"line":23,"column":27}},"16":{"start":{"line":27,"column":8},"end":{"line":27,"column":28}},"17":{"start":{"line":27,"column":18},"end":{"line":27,"column":28}},"18":{"start":{"line":28,"column":8},"end":{"line":28,"column":47}},"19":{"start":{"line":32,"column":22},"end":{"line":38,"column":9}},"20":{"start":{"line":39,"column":8},"end":{"line":39,"column":35}},"21":{"start":{"line":43,"column":25},"end":{"line":48,"column":9}},"22":{"start":{"line":49,"column":8},"end":{"line":49,"column":42}},"23":{"start":{"line":53,"column":20},"end":{"line":53,"column":30}},"24":{"start":{"line":54,"column":22},"end":{"line":54,"column":41}},"25":{"start":{"line":55,"column":8},"end":{"line":55,"column":27}},"26":{"start":{"line":59,"column":20},"end":{"line":59,"column":30}},"27":{"start":{"line":60,"column":22},"end":{"line":60,"column":41}},"28":{"start":{"line":61,"column":8},"end":{"line":61,"column":28}},"29":{"start":{"line":65,"column":8},"end":{"line":65,"column":39}},"30":{"start":{"line":65,"column":24},"end":{"line":65,"column":39}},"31":{"start":{"line":66,"column":8},"end":{"line":66,"column":40}},"32":{"start":{"line":66,"column":24},"end":{"line":66,"column":40}},"33":{"start":{"line":67,"column":8},"end":{"line":67,"column":23}},"34":{"start":{"line":71,"column":28},"end":{"line":71,"column":52}},"35":{"start":{"line":72,"column":32},"end":{"line":72,"column":50}},"36":{"start":{"line":73,"column":8},"end":{"line":73,"column":50}},"37":{"start":{"line":73,"column":34},"end":{"line":73,"column":50}},"38":{"start":{"line":74,"column":8},"end":{"line":74,"column":55}},"39":{"start":{"line":74,"column":34},"end":{"line":74,"column":55}},"40":{"start":{"line":75,"column":8},"end":{"line":75,"column":25}},"41":{"start":{"line":79,"column":0},"end":{"line":79,"column":37}}},"fnMap":{"0":{"name":"(anonymous_0)","decl":{"start":{"line":2,"column":4},"end":{"line":2,"column":5}},"loc":{"start":{"line":2,"column":31},"end":{"line":6,"column":5}},"line":2},"1":{"name":"(anonymous_1)","decl":{"start":{"line":8,"column":4},"end":{"line":8,"column":5}},"loc":{"start":{"line":8,"column":37},"end":{"line":11,"column":5}},"line":8},"2":{"name":"(anonymous_2)","decl":{"start":{"line":13,"column":4},"end":{"line":13,"column":5}},"loc":{"start":{"line":13,"column":31},"end":{"line":17,"column":5}},"line":13},"3":{"name":"(anonymous_3)","decl":{"start":{"line":19,"column":4},"end":{"line":19,"column":5}},"loc":{"start":{"line":19,"column":48},"end":{"line":24,"column":5}},"line":19},"4":{"name":"(anonymous_4)","decl":{"start":{"line":26,"column":4},"end":{"line":26,"column":5}},"loc":{"start":{"line":26,"column":31},"end":{"line":29,"column":5}},"line":26},"5":{"name":"(anonymous_5)","decl":{"start":{"line":31,"column":4},"end":{"line":31,"column":5}},"loc":{"start":{"line":31,"column":34},"end":{"line":40,"column":5}},"line":31},"6":{"name":"(anonymous_6)","decl":{"start":{"line":42,"column":4},"end":{"line":42,"column":5}},"loc":{"start":{"line":42,"column":33},"end":{"line":50,"column":5}},"line":42},"7":{"name":"(anonymous_7)","decl":{"start":{"line":52,"column":4},"end":{"line":52,"column":5}},"loc":{"start":{"line":52,"column":33},"end":{"line":56,"column":5}},"line":52},"8":{"name":"(anonymous_8)","decl":{"start":{"line":58,"column":4},"end":{"line":58,"column":5}},"loc":{"start":{"line":58,"column":37},"end":{"line":62,"column":5}},"line":58},"9":{"name":"(anonymous_9)","decl":{"start":{"line":64,"column":4},"end":{"line":64,"column":5}},"loc":{"start":{"line":64,"column":41},"end":{"line":68,"column":5}},"line":64},"10":{"name":"(anonymous_10)","decl":{"start":{"line":70,"column":4},"end":{"line":70,"column":5}},"loc":{"start":{"line":70,"column":38},"end":{"line":76,"column":5}},"line":70}},"branchMap":{"0":{"loc":{"start":{"line":3,"column":8},"end":{"line":3,"column":33}},"type":"if","locations":[{"start":{"line":3,"column":8},"end":{"line":3,"column":33}},{"start":{},"end":{}}],"line":3},"1":{"loc":{"start":{"line":9,"column":8},"end":{"line":9,"column":36}},"type":"if","locations":[{"start":{"line":9,"column":8},"end":{"line":9,"column":36}},{"start":{},"end":{}}],"line":9},"2":{"loc":{"start":{"line":14,"column":8},"end":{"line":14,"column":32}},"type":"if","locations":[{"start":{"line":14,"column":8},"end":{"line":14,"column":32}},{"start":{},"end":{}}],"line":14},"3":{"loc":{"start":{"line":20,"column":8},"end":{"line":20,"column":49}},"type":"if","locations":[{"start":{"line":20,"column":8},"end":{"line":20,"column":49}},{"start":{},"end":{}}],"line":20},"4":{"loc":{"start":{"line":20,"column":12},"end":{"line":20,"column":34}},"type":"binary-expr","locations":[{"start":{"line":20,"column":12},"end":{"line":20,"column":22}},{"start":{"line":20,"column":26},"end":{"line":20,"column":34}}],"line":20},"5":{"loc":{"start":{"line":27,"column":8},"end":{"line":27,"column":28}},"type":"if","locations":[{"start":{"line":27,"column":8},"end":{"line":27,"column":28}},{"start":{},"end":{}}],"line":27},"6":{"loc":{"start":{"line":39,"column":15},"end":{"line":39,"column":34}},"type":"binary-expr","locations":[{"start":{"line":39,"column":15},"end":{"line":39,"column":26}},{"start":{"line":39,"column":30},"end":{"line":39,"column":34}}],"line":39},"7":{"loc":{"start":{"line":49,"column":15},"end":{"line":49,"column":41}},"type":"binary-expr","locations":[{"start":{"line":49,"column":15},"end":{"line":49,"column":31}},{"start":{"line":49,"column":35},"end":{"line":49,"column":41}}],"line":49},"8":{"loc":{"start":{"line":65,"column":8},"end":{"line":65,"column":39}},"type":"if","locations":[{"start":{"line":65,"column":8},"end":{"line":65,"column":39}},{"start":{},"end":{}}],"line":65},"9":{"loc":{"start":{"line":66,"column":8},"end":{"line":66,"column":40}},"type":"if","locations":[{"start":{"line":66,"column":8},"end":{"line":66,"column":40}},{"start":{},"end":{}}],"line":66},"10":{"loc":{"start":{"line":73,"column":8},"end":{"line":73,"column":50}},"type":"if","locations":[{"start":{"line":73,"column":8},"end":{"line":73,"column":50}},{"start":{},"end":{}}],"line":73},"11":{"loc":{"start":{"line":74,"column":8},"end":{"line":74,"column":55}},"type":"if","locations":[{"start":{"line":74,"column":8},"end":{"line":74,"column":55}},{"start":{},"end":{}}],"line":74}},"s":{"0":8,"1":2,"2":6,"3":6,"4":6,"5":2,"6":4,"7":0,"8":0,"9":0,"10":0,"11":4,"12":0,"13":4,"14":4,"15":4,"16":0,"17":0,"18":0,"19":6,"20":6,"21":4,"22":4,"23":2,"24":2,"25":2,"26":0,"27":0,"28":0,"29":6,"30":2,"31":4,"32":2,"33":2,"34":0,"35":0,"36":0,"37":0,"38":0,"39":0,"40":0,"41":1},"f":{"0":8,"1":6,"2":0,"3":4,"4":0,"5":6,"6":4,"7":2,"8":0,"9":6,"10":0},"b":{"0":[2,6],"1":[2,4],"2":[0,0],"3":[0,4],"4":[4,4],"5":[0,0],"6":[6,1],"7":[4,0],"8":[2,4],"9":[2,2],"10":[0,0],"11":[0,0]},"_coverageSchema":"1a1c01bbd47fc00a2c39e90264f33305004495a9","hash":"1b5d40469fef7c07dcb7e1c67f2424af55bf4a3d"}
}
