TN:
SF:utils.js
FN:2,(anonymous_0)
FN:8,(anonymous_1)
FN:13,(anonymous_2)
FN:19,(anonymous_3)
FN:26,(anonymous_4)
FN:31,(anonymous_5)
FN:42,(anonymous_6)
FN:52,(anonymous_7)
FN:58,(anonymous_8)
FN:64,(anonymous_9)
FN:70,(anonymous_10)
FNF:11
FNH:7
FNDA:8,(anonymous_0)
FNDA:6,(anonymous_1)
FNDA:0,(anonymous_2)
FNDA:4,(anonymous_3)
FNDA:0,(anonymous_4)
FNDA:6,(anonymous_5)
FNDA:4,(anonymous_6)
FNDA:2,(anonymous_7)
FNDA:0,(anonymous_8)
FNDA:6,(anonymous_9)
FNDA:0,(anonymous_10)
DA:3,8
DA:4,6
DA:5,6
DA:9,6
DA:10,4
DA:14,0
DA:15,0
DA:16,0
DA:20,4
DA:21,4
DA:22,4
DA:23,4
DA:27,0
DA:28,0
DA:32,6
DA:39,6
DA:43,4
DA:49,4
DA:53,2
DA:54,2
DA:55,2
DA:59,0
DA:60,0
DA:61,0
DA:65,6
DA:66,4
DA:67,2
DA:71,0
DA:72,0
DA:73,0
DA:74,0
DA:75,0
DA:79,1
LF:33
LH:20
BRDA:3,0,0,2
BRDA:3,0,1,6
BRDA:9,1,0,2
BRDA:9,1,1,4
BRDA:14,2,0,0
BRDA:14,2,1,0
BRDA:20,3,0,0
BRDA:20,3,1,4
BRDA:20,4,0,4
BRDA:20,4,1,4
BRDA:27,5,0,0
BRDA:27,5,1,0
BRDA:39,6,0,6
BRDA:39,6,1,1
BRDA:49,7,0,4
BRDA:49,7,1,0
BRDA:65,8,0,2
BRDA:65,8,1,4
BRDA:66,9,0,2
BRDA:66,9,1,2
BRDA:73,10,0,0
BRDA:73,10,1,0
BRDA:74,11,0,0
BRDA:74,11,1,0
BRF:24
BRH:14
end_of_record
